running egg_info
creating ../../build/robot_audio/robot_audio.egg-info
writing ../../build/robot_audio/robot_audio.egg-info/PKG-INFO
writing dependency_links to ../../build/robot_audio/robot_audio.egg-info/dependency_links.txt
writing entry points to ../../build/robot_audio/robot_audio.egg-info/entry_points.txt
writing requirements to ../../build/robot_audio/robot_audio.egg-info/requires.txt
writing top-level names to ../../build/robot_audio/robot_audio.egg-info/top_level.txt
writing manifest file '../../build/robot_audio/robot_audio.egg-info/SOURCES.txt'
reading manifest file '../../build/robot_audio/robot_audio.egg-info/SOURCES.txt'
writing manifest file '../../build/robot_audio/robot_audio.egg-info/SOURCES.txt'
running build
running build_py
creating /home/warxen/ai_robot/ros2_ws/build/robot_audio/build
creating /home/warxen/ai_robot/ros2_ws/build/robot_audio/build/lib
creating /home/warxen/ai_robot/ros2_ws/build/robot_audio/build/lib/robot_audio
copying robot_audio/__init__.py -> /home/warxen/ai_robot/ros2_ws/build/robot_audio/build/lib/robot_audio
running install
running install_lib
creating /home/warxen/ai_robot/ros2_ws/install/robot_audio/lib/python3.10/site-packages/robot_audio
copying /home/warxen/ai_robot/ros2_ws/build/robot_audio/build/lib/robot_audio/__init__.py -> /home/warxen/ai_robot/ros2_ws/install/robot_audio/lib/python3.10/site-packages/robot_audio
byte-compiling /home/warxen/ai_robot/ros2_ws/install/robot_audio/lib/python3.10/site-packages/robot_audio/__init__.py to __init__.cpython-310.pyc
running install_data
creating /home/warxen/ai_robot/ros2_ws/install/robot_audio/share/ament_index
creating /home/warxen/ai_robot/ros2_ws/install/robot_audio/share/ament_index/resource_index
creating /home/warxen/ai_robot/ros2_ws/install/robot_audio/share/ament_index/resource_index/packages
copying resource/robot_audio -> /home/warxen/ai_robot/ros2_ws/install/robot_audio/share/ament_index/resource_index/packages
copying package.xml -> /home/warxen/ai_robot/ros2_ws/install/robot_audio/share/robot_audio
running install_egg_info
Copying ../../build/robot_audio/robot_audio.egg-info to /home/warxen/ai_robot/ros2_ws/install/robot_audio/lib/python3.10/site-packages/robot_audio-0.0.0-py3.10.egg-info
running install_scripts
writing list of installed files to '/home/warxen/ai_robot/ros2_ws/build/robot_audio/install.log'
