running egg_info
creating ../../build/robot_esp32_bridge/robot_esp32_bridge.egg-info
writing ../../build/robot_esp32_bridge/robot_esp32_bridge.egg-info/PKG-INFO
writing dependency_links to ../../build/robot_esp32_bridge/robot_esp32_bridge.egg-info/dependency_links.txt
writing entry points to ../../build/robot_esp32_bridge/robot_esp32_bridge.egg-info/entry_points.txt
writing requirements to ../../build/robot_esp32_bridge/robot_esp32_bridge.egg-info/requires.txt
writing top-level names to ../../build/robot_esp32_bridge/robot_esp32_bridge.egg-info/top_level.txt
writing manifest file '../../build/robot_esp32_bridge/robot_esp32_bridge.egg-info/SOURCES.txt'
reading manifest file '../../build/robot_esp32_bridge/robot_esp32_bridge.egg-info/SOURCES.txt'
writing manifest file '../../build/robot_esp32_bridge/robot_esp32_bridge.egg-info/SOURCES.txt'
running build
running build_py
creating /home/warxen/ai_robot/ros2_ws/build/robot_esp32_bridge/build
creating /home/warxen/ai_robot/ros2_ws/build/robot_esp32_bridge/build/lib
creating /home/warxen/ai_robot/ros2_ws/build/robot_esp32_bridge/build/lib/robot_esp32_bridge
copying robot_esp32_bridge/__init__.py -> /home/warxen/ai_robot/ros2_ws/build/robot_esp32_bridge/build/lib/robot_esp32_bridge
copying robot_esp32_bridge/esp32_bridge_node.py -> /home/warxen/ai_robot/ros2_ws/build/robot_esp32_bridge/build/lib/robot_esp32_bridge
copying robot_esp32_bridge/esp32_protocol.py -> /home/warxen/ai_robot/ros2_ws/build/robot_esp32_bridge/build/lib/robot_esp32_bridge
copying robot_esp32_bridge/head_demo_publisher.py -> /home/warxen/ai_robot/ros2_ws/build/robot_esp32_bridge/build/lib/robot_esp32_bridge
running install
running install_lib
creating /home/warxen/ai_robot/ros2_ws/install/robot_esp32_bridge/lib/python3.10/site-packages/robot_esp32_bridge
copying /home/warxen/ai_robot/ros2_ws/build/robot_esp32_bridge/build/lib/robot_esp32_bridge/__init__.py -> /home/warxen/ai_robot/ros2_ws/install/robot_esp32_bridge/lib/python3.10/site-packages/robot_esp32_bridge
copying /home/warxen/ai_robot/ros2_ws/build/robot_esp32_bridge/build/lib/robot_esp32_bridge/esp32_bridge_node.py -> /home/warxen/ai_robot/ros2_ws/install/robot_esp32_bridge/lib/python3.10/site-packages/robot_esp32_bridge
copying /home/warxen/ai_robot/ros2_ws/build/robot_esp32_bridge/build/lib/robot_esp32_bridge/esp32_protocol.py -> /home/warxen/ai_robot/ros2_ws/install/robot_esp32_bridge/lib/python3.10/site-packages/robot_esp32_bridge
copying /home/warxen/ai_robot/ros2_ws/build/robot_esp32_bridge/build/lib/robot_esp32_bridge/head_demo_publisher.py -> /home/warxen/ai_robot/ros2_ws/install/robot_esp32_bridge/lib/python3.10/site-packages/robot_esp32_bridge
byte-compiling /home/warxen/ai_robot/ros2_ws/install/robot_esp32_bridge/lib/python3.10/site-packages/robot_esp32_bridge/__init__.py to __init__.cpython-310.pyc
byte-compiling /home/warxen/ai_robot/ros2_ws/install/robot_esp32_bridge/lib/python3.10/site-packages/robot_esp32_bridge/esp32_bridge_node.py to esp32_bridge_node.cpython-310.pyc
byte-compiling /home/warxen/ai_robot/ros2_ws/install/robot_esp32_bridge/lib/python3.10/site-packages/robot_esp32_bridge/esp32_protocol.py to esp32_protocol.cpython-310.pyc
byte-compiling /home/warxen/ai_robot/ros2_ws/install/robot_esp32_bridge/lib/python3.10/site-packages/robot_esp32_bridge/head_demo_publisher.py to head_demo_publisher.cpython-310.pyc
running install_data
creating /home/warxen/ai_robot/ros2_ws/install/robot_esp32_bridge/share/ament_index
creating /home/warxen/ai_robot/ros2_ws/install/robot_esp32_bridge/share/ament_index/resource_index
creating /home/warxen/ai_robot/ros2_ws/install/robot_esp32_bridge/share/ament_index/resource_index/packages
copying resource/robot_esp32_bridge -> /home/warxen/ai_robot/ros2_ws/install/robot_esp32_bridge/share/ament_index/resource_index/packages
copying package.xml -> /home/warxen/ai_robot/ros2_ws/install/robot_esp32_bridge/share/robot_esp32_bridge
running install_egg_info
Copying ../../build/robot_esp32_bridge/robot_esp32_bridge.egg-info to /home/warxen/ai_robot/ros2_ws/install/robot_esp32_bridge/lib/python3.10/site-packages/robot_esp32_bridge-0.0.1-py3.10.egg-info
running install_scripts
Installing esp32_bridge_node script to /home/warxen/ai_robot/ros2_ws/install/robot_esp32_bridge/lib/robot_esp32_bridge
Installing head_demo_publisher script to /home/warxen/ai_robot/ros2_ws/install/robot_esp32_bridge/lib/robot_esp32_bridge
writing list of installed files to '/home/warxen/ai_robot/ros2_ws/build/robot_esp32_bridge/install.log'
