running egg_info
writing ../../build/robot_esp32_bridge/robot_esp32_bridge.egg-info/PKG-INFO
writing dependency_links to ../../build/robot_esp32_bridge/robot_esp32_bridge.egg-info/dependency_links.txt
writing entry points to ../../build/robot_esp32_bridge/robot_esp32_bridge.egg-info/entry_points.txt
writing requirements to ../../build/robot_esp32_bridge/robot_esp32_bridge.egg-info/requires.txt
writing top-level names to ../../build/robot_esp32_bridge/robot_esp32_bridge.egg-info/top_level.txt
reading manifest file '../../build/robot_esp32_bridge/robot_esp32_bridge.egg-info/SOURCES.txt'
writing manifest file '../../build/robot_esp32_bridge/robot_esp32_bridge.egg-info/SOURCES.txt'
running build
running build_py
running install
running install_lib
running install_data
running install_egg_info
removing '/home/warxen/ai_robot/ros2_ws/install/robot_esp32_bridge/lib/python3.10/site-packages/robot_esp32_bridge-0.0.1-py3.10.egg-info' (and everything under it)
Copying ../../build/robot_esp32_bridge/robot_esp32_bridge.egg-info to /home/warxen/ai_robot/ros2_ws/install/robot_esp32_bridge/lib/python3.10/site-packages/robot_esp32_bridge-0.0.1-py3.10.egg-info
running install_scripts
Installing esp32_bridge_node script to /home/warxen/ai_robot/ros2_ws/install/robot_esp32_bridge/lib/robot_esp32_bridge
Installing head_demo_publisher script to /home/warxen/ai_robot/ros2_ws/install/robot_esp32_bridge/lib/robot_esp32_bridge
Installing head_state_manager script to /home/warxen/ai_robot/ros2_ws/install/robot_esp32_bridge/lib/robot_esp32_bridge
Installing neck_bridge_node script to /home/warxen/ai_robot/ros2_ws/install/robot_esp32_bridge/lib/robot_esp32_bridge
Installing neck_demo_publisher script to /home/warxen/ai_robot/ros2_ws/install/robot_esp32_bridge/lib/robot_esp32_bridge
Installing neck_state_manager script to /home/warxen/ai_robot/ros2_ws/install/robot_esp32_bridge/lib/robot_esp32_bridge
writing list of installed files to '/home/warxen/ai_robot/ros2_ws/build/robot_esp32_bridge/install.log'
