[2.161s] Invoking command in '/home/warxen/ai_robot/ros2_ws/src/robot_bringup': NX_CONNECTION=192.168.1.126 12269 192.168.1.127 4000 PYTHONPATH=/home/warxen/ai_robot/ros2_ws/build/robot_bringup/prefix_override:/usr/lib/python3/dist-packages/colcon_core/task/python/colcon_distutils_commands:/home/warxen/ai_robot/ros2_ws/install/robot_bringup/lib/python3.10/site-packages:${PYTHONPATH} /usr/bin/python3 -W ignore:setup.py install is deprecated -W ignore:easy_install command is deprecated setup.py egg_info --egg-base ../../build/robot_bringup build --build-base /home/warxen/ai_robot/ros2_ws/build/robot_bringup/build install --record /home/warxen/ai_robot/ros2_ws/build/robot_bringup/install.log --single-version-externally-managed install_data
[2.587s] running egg_info
[2.588s] writing ../../build/robot_bringup/robot_bringup.egg-info/PKG-INFO
[2.589s] writing dependency_links to ../../build/robot_bringup/robot_bringup.egg-info/dependency_links.txt
[2.589s] writing entry points to ../../build/robot_bringup/robot_bringup.egg-info/entry_points.txt
[2.590s] writing requirements to ../../build/robot_bringup/robot_bringup.egg-info/requires.txt
[2.590s] writing top-level names to ../../build/robot_bringup/robot_bringup.egg-info/top_level.txt
[2.594s] reading manifest file '../../build/robot_bringup/robot_bringup.egg-info/SOURCES.txt'
[2.595s] writing manifest file '../../build/robot_bringup/robot_bringup.egg-info/SOURCES.txt'
[2.595s] running build
[2.595s] running build_py
[2.596s] running install
[2.597s] running install_lib
[2.599s] running install_data
[2.599s] creating /home/warxen/ai_robot/ros2_ws/install/robot_bringup/share/robot_bringup/launch
[2.600s] copying launch/base_sensors.launch.py -> /home/warxen/ai_robot/ros2_ws/install/robot_bringup/share/robot_bringup/launch
[2.600s] running install_egg_info
[2.604s] removing '/home/warxen/ai_robot/ros2_ws/install/robot_bringup/lib/python3.10/site-packages/robot_bringup-0.0.0-py3.10.egg-info' (and everything under it)
[2.604s] Copying ../../build/robot_bringup/robot_bringup.egg-info to /home/warxen/ai_robot/ros2_ws/install/robot_bringup/lib/python3.10/site-packages/robot_bringup-0.0.0-py3.10.egg-info
[2.606s] running install_scripts
[2.654s] writing list of installed files to '/home/warxen/ai_robot/ros2_ws/build/robot_bringup/install.log'
[2.740s] Invoked command in '/home/warxen/ai_robot/ros2_ws/src/robot_bringup' returned '0': NX_CONNECTION=192.168.1.126 12269 192.168.1.127 4000 PYTHONPATH=/home/warxen/ai_robot/ros2_ws/build/robot_bringup/prefix_override:/usr/lib/python3/dist-packages/colcon_core/task/python/colcon_distutils_commands:/home/warxen/ai_robot/ros2_ws/install/robot_bringup/lib/python3.10/site-packages:${PYTHONPATH} /usr/bin/python3 -W ignore:setup.py install is deprecated -W ignore:easy_install command is deprecated setup.py egg_info --egg-base ../../build/robot_bringup build --build-base /home/warxen/ai_robot/ros2_ws/build/robot_bringup/build install --record /home/warxen/ai_robot/ros2_ws/build/robot_bringup/install.log --single-version-externally-managed install_data
