running egg_info
creating ../../build/robot_camera/robot_camera.egg-info
writing ../../build/robot_camera/robot_camera.egg-info/PKG-INFO
writing dependency_links to ../../build/robot_camera/robot_camera.egg-info/dependency_links.txt
writing entry points to ../../build/robot_camera/robot_camera.egg-info/entry_points.txt
writing requirements to ../../build/robot_camera/robot_camera.egg-info/requires.txt
writing top-level names to ../../build/robot_camera/robot_camera.egg-info/top_level.txt
writing manifest file '../../build/robot_camera/robot_camera.egg-info/SOURCES.txt'
reading manifest file '../../build/robot_camera/robot_camera.egg-info/SOURCES.txt'
writing manifest file '../../build/robot_camera/robot_camera.egg-info/SOURCES.txt'
running build
running build_py
creating /home/warxen/ai_robot/ros2_ws/build/robot_camera/build
creating /home/warxen/ai_robot/ros2_ws/build/robot_camera/build/lib
creating /home/warxen/ai_robot/ros2_ws/build/robot_camera/build/lib/robot_camera
copying robot_camera/__init__.py -> /home/warxen/ai_robot/ros2_ws/build/robot_camera/build/lib/robot_camera
running install
running install_lib
creating /home/warxen/ai_robot/ros2_ws/install/robot_camera/lib/python3.10/site-packages/robot_camera
copying /home/warxen/ai_robot/ros2_ws/build/robot_camera/build/lib/robot_camera/__init__.py -> /home/warxen/ai_robot/ros2_ws/install/robot_camera/lib/python3.10/site-packages/robot_camera
byte-compiling /home/warxen/ai_robot/ros2_ws/install/robot_camera/lib/python3.10/site-packages/robot_camera/__init__.py to __init__.cpython-310.pyc
running install_data
creating /home/warxen/ai_robot/ros2_ws/install/robot_camera/share/ament_index
creating /home/warxen/ai_robot/ros2_ws/install/robot_camera/share/ament_index/resource_index
creating /home/warxen/ai_robot/ros2_ws/install/robot_camera/share/ament_index/resource_index/packages
copying resource/robot_camera -> /home/warxen/ai_robot/ros2_ws/install/robot_camera/share/ament_index/resource_index/packages
copying package.xml -> /home/warxen/ai_robot/ros2_ws/install/robot_camera/share/robot_camera
running install_egg_info
Copying ../../build/robot_camera/robot_camera.egg-info to /home/warxen/ai_robot/ros2_ws/install/robot_camera/lib/python3.10/site-packages/robot_camera-0.0.0-py3.10.egg-info
running install_scripts
writing list of installed files to '/home/warxen/ai_robot/ros2_ws/build/robot_camera/install.log'
