[1.994s] Invoking command in '/home/warxen/ai_robot/ros2_ws/src/robot_camera': NX_CONNECTION=192.168.1.126 12269 192.168.1.127 4000 PYTHONPATH=/home/warxen/ai_robot/ros2_ws/build/robot_camera/prefix_override:/usr/lib/python3/dist-packages/colcon_core/task/python/colcon_distutils_commands:/home/warxen/ai_robot/ros2_ws/install/robot_camera/lib/python3.10/site-packages:${PYTHONPATH} /usr/bin/python3 -W ignore:setup.py install is deprecated -W ignore:easy_install command is deprecated setup.py egg_info --egg-base ../../build/robot_camera build --build-base /home/warxen/ai_robot/ros2_ws/build/robot_camera/build install --record /home/warxen/ai_robot/ros2_ws/build/robot_camera/install.log --single-version-externally-managed install_data
[2.384s] running egg_info
[2.386s] creating ../../build/robot_camera/robot_camera.egg-info
[2.386s] writing ../../build/robot_camera/robot_camera.egg-info/PKG-INFO
[2.386s] writing dependency_links to ../../build/robot_camera/robot_camera.egg-info/dependency_links.txt
[2.387s] writing entry points to ../../build/robot_camera/robot_camera.egg-info/entry_points.txt
[2.387s] writing requirements to ../../build/robot_camera/robot_camera.egg-info/requires.txt
[2.387s] writing top-level names to ../../build/robot_camera/robot_camera.egg-info/top_level.txt
[2.387s] writing manifest file '../../build/robot_camera/robot_camera.egg-info/SOURCES.txt'
[2.390s] reading manifest file '../../build/robot_camera/robot_camera.egg-info/SOURCES.txt'
[2.392s] writing manifest file '../../build/robot_camera/robot_camera.egg-info/SOURCES.txt'
[2.392s] running build
[2.392s] running build_py
[2.392s] creating /home/warxen/ai_robot/ros2_ws/build/robot_camera/build
[2.393s] creating /home/warxen/ai_robot/ros2_ws/build/robot_camera/build/lib
[2.393s] creating /home/warxen/ai_robot/ros2_ws/build/robot_camera/build/lib/robot_camera
[2.393s] copying robot_camera/__init__.py -> /home/warxen/ai_robot/ros2_ws/build/robot_camera/build/lib/robot_camera
[2.393s] running install
[2.393s] running install_lib
[2.395s] creating /home/warxen/ai_robot/ros2_ws/install/robot_camera/lib/python3.10/site-packages/robot_camera
[2.395s] copying /home/warxen/ai_robot/ros2_ws/build/robot_camera/build/lib/robot_camera/__init__.py -> /home/warxen/ai_robot/ros2_ws/install/robot_camera/lib/python3.10/site-packages/robot_camera
[2.396s] byte-compiling /home/warxen/ai_robot/ros2_ws/install/robot_camera/lib/python3.10/site-packages/robot_camera/__init__.py to __init__.cpython-310.pyc
[2.409s] running install_data
[2.411s] creating /home/warxen/ai_robot/ros2_ws/install/robot_camera/share/ament_index
[2.411s] creating /home/warxen/ai_robot/ros2_ws/install/robot_camera/share/ament_index/resource_index
[2.411s] creating /home/warxen/ai_robot/ros2_ws/install/robot_camera/share/ament_index/resource_index/packages
[2.411s] copying resource/robot_camera -> /home/warxen/ai_robot/ros2_ws/install/robot_camera/share/ament_index/resource_index/packages
[2.414s] copying package.xml -> /home/warxen/ai_robot/ros2_ws/install/robot_camera/share/robot_camera
[2.414s] running install_egg_info
[2.414s] Copying ../../build/robot_camera/robot_camera.egg-info to /home/warxen/ai_robot/ros2_ws/install/robot_camera/lib/python3.10/site-packages/robot_camera-0.0.0-py3.10.egg-info
[2.414s] running install_scripts
[2.443s] writing list of installed files to '/home/warxen/ai_robot/ros2_ws/build/robot_camera/install.log'
[2.514s] Invoked command in '/home/warxen/ai_robot/ros2_ws/src/robot_camera' returned '0': NX_CONNECTION=192.168.1.126 12269 192.168.1.127 4000 PYTHONPATH=/home/warxen/ai_robot/ros2_ws/build/robot_camera/prefix_override:/usr/lib/python3/dist-packages/colcon_core/task/python/colcon_distutils_commands:/home/warxen/ai_robot/ros2_ws/install/robot_camera/lib/python3.10/site-packages:${PYTHONPATH} /usr/bin/python3 -W ignore:setup.py install is deprecated -W ignore:easy_install command is deprecated setup.py egg_info --egg-base ../../build/robot_camera build --build-base /home/warxen/ai_robot/ros2_ws/build/robot_camera/build install --record /home/warxen/ai_robot/ros2_ws/build/robot_camera/install.log --single-version-externally-managed install_data
