[0.188s] DEBUG:colcon:Command line arguments: ['/usr/bin/colcon', 'build']
[0.188s] DEBUG:colcon:Parsed command line arguments: Namespace(log_base=None, log_level=None, verb_name='build', build_base='build', install_base='install', merge_install=False, symlink_install=False, test_result_base=None, continue_on_error=False, executor='parallel', parallel_workers=6, event_handlers=None, ignore_user_meta=False, metas=['./colcon.meta'], base_paths=['.'], packages_ignore=None, packages_ignore_regex=None, paths=None, packages_up_to=None, packages_up_to_regex=None, packages_above=None, packages_above_and_dependencies=None, packages_above_depth=None, packages_select_by_dep=None, packages_skip_by_dep=None, packages_skip_up_to=None, packages_select_build_failed=False, packages_skip_build_finished=False, packages_select_test_failures=False, packages_skip_test_passed=False, packages_select=None, packages_skip=None, packages_select_regex=None, packages_skip_regex=None, packages_start=None, packages_end=None, allow_overriding=[], cmake_args=None, cmake_target=None, cmake_target_skip_unavailable=False, cmake_clean_cache=False, cmake_clean_first=False, cmake_force_configure=False, ament_cmake_args=None, catkin_cmake_args=None, catkin_skip_building_tests=False, verb_parser=<colcon_defaults.argument_parser.defaults.DefaultArgumentsDecorator object at 0xffffb30eeec0>, verb_extension=<colcon_core.verb.build.BuildVerb object at 0xffffb30ee8f0>, main=<bound method BuildVerb.main of <colcon_core.verb.build.BuildVerb object at 0xffffb30ee8f0>>)
[0.456s] Level 1:colcon.colcon_core.package_discovery:discover_packages(colcon_meta) check parameters
[0.456s] Level 1:colcon.colcon_core.package_discovery:discover_packages(recursive) check parameters
[0.456s] Level 1:colcon.colcon_core.package_discovery:discover_packages(ignore) check parameters
[0.456s] Level 1:colcon.colcon_core.package_discovery:discover_packages(path) check parameters
[0.456s] Level 1:colcon.colcon_core.package_discovery:discover_packages(colcon_meta) discover
[0.456s] Level 1:colcon.colcon_core.package_discovery:discover_packages(recursive) discover
[0.456s] INFO:colcon.colcon_core.package_discovery:Crawling recursively for packages in '/home/warxen/ai_robot/ros2_ws'
[0.457s] Level 1:colcon.colcon_core.package_identification:_identify(.) by extensions ['ignore', 'ignore_ament_install']
[0.457s] Level 1:colcon.colcon_core.package_identification:_identify(.) by extension 'ignore'
[0.457s] Level 1:colcon.colcon_core.package_identification:_identify(.) by extension 'ignore_ament_install'
[0.457s] Level 1:colcon.colcon_core.package_identification:_identify(.) by extensions ['colcon_pkg']
[0.457s] Level 1:colcon.colcon_core.package_identification:_identify(.) by extension 'colcon_pkg'
[0.457s] Level 1:colcon.colcon_core.package_identification:_identify(.) by extensions ['colcon_meta']
[0.457s] Level 1:colcon.colcon_core.package_identification:_identify(.) by extension 'colcon_meta'
[0.457s] Level 1:colcon.colcon_core.package_identification:_identify(.) by extensions ['ros']
[0.457s] Level 1:colcon.colcon_core.package_identification:_identify(.) by extension 'ros'
[0.477s] Level 1:colcon.colcon_core.package_identification:_identify(.) by extensions ['cmake', 'python']
[0.477s] Level 1:colcon.colcon_core.package_identification:_identify(.) by extension 'cmake'
[0.477s] Level 1:colcon.colcon_core.package_identification:_identify(.) by extension 'python'
[0.477s] Level 1:colcon.colcon_core.package_identification:_identify(.) by extensions ['python_setup_py']
[0.478s] Level 1:colcon.colcon_core.package_identification:_identify(.) by extension 'python_setup_py'
[0.478s] Level 1:colcon.colcon_core.package_identification:_identify(build) by extensions ['ignore', 'ignore_ament_install']
[0.478s] Level 1:colcon.colcon_core.package_identification:_identify(build) by extension 'ignore'
[0.478s] Level 1:colcon.colcon_core.package_identification:_identify(build) ignored
[0.478s] Level 1:colcon.colcon_core.package_identification:_identify(install) by extensions ['ignore', 'ignore_ament_install']
[0.479s] Level 1:colcon.colcon_core.package_identification:_identify(install) by extension 'ignore'
[0.479s] Level 1:colcon.colcon_core.package_identification:_identify(install) ignored
[0.479s] Level 1:colcon.colcon_core.package_identification:_identify(log) by extensions ['ignore', 'ignore_ament_install']
[0.479s] Level 1:colcon.colcon_core.package_identification:_identify(log) by extension 'ignore'
[0.479s] Level 1:colcon.colcon_core.package_identification:_identify(log) ignored
[0.479s] Level 1:colcon.colcon_core.package_identification:_identify(src) by extensions ['ignore', 'ignore_ament_install']
[0.479s] Level 1:colcon.colcon_core.package_identification:_identify(src) by extension 'ignore'
[0.479s] Level 1:colcon.colcon_core.package_identification:_identify(src) by extension 'ignore_ament_install'
[0.480s] Level 1:colcon.colcon_core.package_identification:_identify(src) by extensions ['colcon_pkg']
[0.480s] Level 1:colcon.colcon_core.package_identification:_identify(src) by extension 'colcon_pkg'
[0.480s] Level 1:colcon.colcon_core.package_identification:_identify(src) by extensions ['colcon_meta']
[0.480s] Level 1:colcon.colcon_core.package_identification:_identify(src) by extension 'colcon_meta'
[0.480s] Level 1:colcon.colcon_core.package_identification:_identify(src) by extensions ['ros']
[0.480s] Level 1:colcon.colcon_core.package_identification:_identify(src) by extension 'ros'
[0.480s] Level 1:colcon.colcon_core.package_identification:_identify(src) by extensions ['cmake', 'python']
[0.480s] Level 1:colcon.colcon_core.package_identification:_identify(src) by extension 'cmake'
[0.480s] Level 1:colcon.colcon_core.package_identification:_identify(src) by extension 'python'
[0.480s] Level 1:colcon.colcon_core.package_identification:_identify(src) by extensions ['python_setup_py']
[0.480s] Level 1:colcon.colcon_core.package_identification:_identify(src) by extension 'python_setup_py'
[0.481s] Level 1:colcon.colcon_core.package_identification:_identify(src/robot_audio) by extensions ['ignore', 'ignore_ament_install']
[0.481s] Level 1:colcon.colcon_core.package_identification:_identify(src/robot_audio) by extension 'ignore'
[0.481s] Level 1:colcon.colcon_core.package_identification:_identify(src/robot_audio) by extension 'ignore_ament_install'
[0.481s] Level 1:colcon.colcon_core.package_identification:_identify(src/robot_audio) by extensions ['colcon_pkg']
[0.481s] Level 1:colcon.colcon_core.package_identification:_identify(src/robot_audio) by extension 'colcon_pkg'
[0.481s] Level 1:colcon.colcon_core.package_identification:_identify(src/robot_audio) by extensions ['colcon_meta']
[0.481s] Level 1:colcon.colcon_core.package_identification:_identify(src/robot_audio) by extension 'colcon_meta'
[0.481s] Level 1:colcon.colcon_core.package_identification:_identify(src/robot_audio) by extensions ['ros']
[0.481s] Level 1:colcon.colcon_core.package_identification:_identify(src/robot_audio) by extension 'ros'
[0.485s] DEBUG:colcon.colcon_core.package_identification:Package 'src/robot_audio' with type 'ros.ament_python' and name 'robot_audio'
[0.486s] Level 1:colcon.colcon_core.package_identification:_identify(src/robot_bringup) by extensions ['ignore', 'ignore_ament_install']
[0.488s] Level 1:colcon.colcon_core.package_identification:_identify(src/robot_bringup) by extension 'ignore'
[0.489s] Level 1:colcon.colcon_core.package_identification:_identify(src/robot_bringup) by extension 'ignore_ament_install'
[0.489s] Level 1:colcon.colcon_core.package_identification:_identify(src/robot_bringup) by extensions ['colcon_pkg']
[0.489s] Level 1:colcon.colcon_core.package_identification:_identify(src/robot_bringup) by extension 'colcon_pkg'
[0.489s] Level 1:colcon.colcon_core.package_identification:_identify(src/robot_bringup) by extensions ['colcon_meta']
[0.489s] Level 1:colcon.colcon_core.package_identification:_identify(src/robot_bringup) by extension 'colcon_meta'
[0.489s] Level 1:colcon.colcon_core.package_identification:_identify(src/robot_bringup) by extensions ['ros']
[0.489s] Level 1:colcon.colcon_core.package_identification:_identify(src/robot_bringup) by extension 'ros'
[0.491s] DEBUG:colcon.colcon_core.package_identification:Package 'src/robot_bringup' with type 'ros.ament_python' and name 'robot_bringup'
[0.491s] Level 1:colcon.colcon_core.package_identification:_identify(src/robot_camera) by extensions ['ignore', 'ignore_ament_install']
[0.491s] Level 1:colcon.colcon_core.package_identification:_identify(src/robot_camera) by extension 'ignore'
[0.491s] Level 1:colcon.colcon_core.package_identification:_identify(src/robot_camera) by extension 'ignore_ament_install'
[0.491s] Level 1:colcon.colcon_core.package_identification:_identify(src/robot_camera) by extensions ['colcon_pkg']
[0.492s] Level 1:colcon.colcon_core.package_identification:_identify(src/robot_camera) by extension 'colcon_pkg'
[0.492s] Level 1:colcon.colcon_core.package_identification:_identify(src/robot_camera) by extensions ['colcon_meta']
[0.492s] Level 1:colcon.colcon_core.package_identification:_identify(src/robot_camera) by extension 'colcon_meta'
[0.492s] Level 1:colcon.colcon_core.package_identification:_identify(src/robot_camera) by extensions ['ros']
[0.492s] Level 1:colcon.colcon_core.package_identification:_identify(src/robot_camera) by extension 'ros'
[0.493s] DEBUG:colcon.colcon_core.package_identification:Package 'src/robot_camera' with type 'ros.ament_python' and name 'robot_camera'
[0.493s] Level 1:colcon.colcon_core.package_discovery:discover_packages(recursive) using defaults
[0.493s] Level 1:colcon.colcon_core.package_discovery:discover_packages(ignore) discover
[0.493s] Level 1:colcon.colcon_core.package_discovery:discover_packages(ignore) using defaults
[0.493s] Level 1:colcon.colcon_core.package_discovery:discover_packages(path) discover
[0.494s] Level 1:colcon.colcon_core.package_discovery:discover_packages(path) using defaults
[0.534s] Level 1:colcon.colcon_core.package_discovery:discover_packages(prefix_path) check parameters
[0.534s] Level 1:colcon.colcon_core.package_discovery:discover_packages(prefix_path) discover
[0.538s] DEBUG:colcon.colcon_installed_package_information.package_discovery:Found 3 installed packages in /home/warxen/ai_robot/ros2_ws/install
[0.540s] DEBUG:colcon.colcon_installed_package_information.package_discovery:Found 183 installed packages in /opt/ros/humble
[0.541s] Level 1:colcon.colcon_core.package_discovery:discover_packages(prefix_path) using defaults
[0.625s] Level 5:colcon.colcon_core.verb:set package 'robot_audio' build argument 'cmake_args' from command line to 'None'
[0.625s] Level 5:colcon.colcon_core.verb:set package 'robot_audio' build argument 'cmake_target' from command line to 'None'
[0.626s] Level 5:colcon.colcon_core.verb:set package 'robot_audio' build argument 'cmake_target_skip_unavailable' from command line to 'False'
[0.626s] Level 5:colcon.colcon_core.verb:set package 'robot_audio' build argument 'cmake_clean_cache' from command line to 'False'
[0.626s] Level 5:colcon.colcon_core.verb:set package 'robot_audio' build argument 'cmake_clean_first' from command line to 'False'
[0.626s] Level 5:colcon.colcon_core.verb:set package 'robot_audio' build argument 'cmake_force_configure' from command line to 'False'
[0.626s] Level 5:colcon.colcon_core.verb:set package 'robot_audio' build argument 'ament_cmake_args' from command line to 'None'
[0.626s] Level 5:colcon.colcon_core.verb:set package 'robot_audio' build argument 'catkin_cmake_args' from command line to 'None'
[0.626s] Level 5:colcon.colcon_core.verb:set package 'robot_audio' build argument 'catkin_skip_building_tests' from command line to 'False'
[0.626s] DEBUG:colcon.colcon_core.verb:Building package 'robot_audio' with the following arguments: {'ament_cmake_args': None, 'build_base': '/home/warxen/ai_robot/ros2_ws/build/robot_audio', 'catkin_cmake_args': None, 'catkin_skip_building_tests': False, 'cmake_args': None, 'cmake_clean_cache': False, 'cmake_clean_first': False, 'cmake_force_configure': False, 'cmake_target': None, 'cmake_target_skip_unavailable': False, 'install_base': '/home/warxen/ai_robot/ros2_ws/install/robot_audio', 'merge_install': False, 'path': '/home/warxen/ai_robot/ros2_ws/src/robot_audio', 'symlink_install': False, 'test_result_base': None}
[0.627s] Level 5:colcon.colcon_core.verb:set package 'robot_bringup' build argument 'cmake_args' from command line to 'None'
[0.627s] Level 5:colcon.colcon_core.verb:set package 'robot_bringup' build argument 'cmake_target' from command line to 'None'
[0.627s] Level 5:colcon.colcon_core.verb:set package 'robot_bringup' build argument 'cmake_target_skip_unavailable' from command line to 'False'
[0.627s] Level 5:colcon.colcon_core.verb:set package 'robot_bringup' build argument 'cmake_clean_cache' from command line to 'False'
[0.627s] Level 5:colcon.colcon_core.verb:set package 'robot_bringup' build argument 'cmake_clean_first' from command line to 'False'
[0.627s] Level 5:colcon.colcon_core.verb:set package 'robot_bringup' build argument 'cmake_force_configure' from command line to 'False'
[0.627s] Level 5:colcon.colcon_core.verb:set package 'robot_bringup' build argument 'ament_cmake_args' from command line to 'None'
[0.627s] Level 5:colcon.colcon_core.verb:set package 'robot_bringup' build argument 'catkin_cmake_args' from command line to 'None'
[0.627s] Level 5:colcon.colcon_core.verb:set package 'robot_bringup' build argument 'catkin_skip_building_tests' from command line to 'False'
[0.627s] DEBUG:colcon.colcon_core.verb:Building package 'robot_bringup' with the following arguments: {'ament_cmake_args': None, 'build_base': '/home/warxen/ai_robot/ros2_ws/build/robot_bringup', 'catkin_cmake_args': None, 'catkin_skip_building_tests': False, 'cmake_args': None, 'cmake_clean_cache': False, 'cmake_clean_first': False, 'cmake_force_configure': False, 'cmake_target': None, 'cmake_target_skip_unavailable': False, 'install_base': '/home/warxen/ai_robot/ros2_ws/install/robot_bringup', 'merge_install': False, 'path': '/home/warxen/ai_robot/ros2_ws/src/robot_bringup', 'symlink_install': False, 'test_result_base': None}
[0.628s] Level 5:colcon.colcon_core.verb:set package 'robot_camera' build argument 'cmake_args' from command line to 'None'
[0.628s] Level 5:colcon.colcon_core.verb:set package 'robot_camera' build argument 'cmake_target' from command line to 'None'
[0.628s] Level 5:colcon.colcon_core.verb:set package 'robot_camera' build argument 'cmake_target_skip_unavailable' from command line to 'False'
[0.628s] Level 5:colcon.colcon_core.verb:set package 'robot_camera' build argument 'cmake_clean_cache' from command line to 'False'
[0.628s] Level 5:colcon.colcon_core.verb:set package 'robot_camera' build argument 'cmake_clean_first' from command line to 'False'
[0.628s] Level 5:colcon.colcon_core.verb:set package 'robot_camera' build argument 'cmake_force_configure' from command line to 'False'
[0.628s] Level 5:colcon.colcon_core.verb:set package 'robot_camera' build argument 'ament_cmake_args' from command line to 'None'
[0.628s] Level 5:colcon.colcon_core.verb:set package 'robot_camera' build argument 'catkin_cmake_args' from command line to 'None'
[0.629s] Level 5:colcon.colcon_core.verb:set package 'robot_camera' build argument 'catkin_skip_building_tests' from command line to 'False'
[0.629s] DEBUG:colcon.colcon_core.verb:Building package 'robot_camera' with the following arguments: {'ament_cmake_args': None, 'build_base': '/home/warxen/ai_robot/ros2_ws/build/robot_camera', 'catkin_cmake_args': None, 'catkin_skip_building_tests': False, 'cmake_args': None, 'cmake_clean_cache': False, 'cmake_clean_first': False, 'cmake_force_configure': False, 'cmake_target': None, 'cmake_target_skip_unavailable': False, 'install_base': '/home/warxen/ai_robot/ros2_ws/install/robot_camera', 'merge_install': False, 'path': '/home/warxen/ai_robot/ros2_ws/src/robot_camera', 'symlink_install': False, 'test_result_base': None}
[0.629s] INFO:colcon.colcon_core.executor:Executing jobs using 'parallel' executor
[0.631s] DEBUG:colcon.colcon_parallel_executor.executor.parallel:run_until_complete
[0.632s] INFO:colcon.colcon_ros.task.ament_python.build:Building ROS package in '/home/warxen/ai_robot/ros2_ws/src/robot_audio' with build type 'ament_python'
[0.632s] Level 1:colcon.colcon_core.shell:create_environment_hook('robot_audio', 'ament_prefix_path')
[0.637s] INFO:colcon.colcon_core.plugin_system:Skipping extension 'colcon_core.shell.bat': Not used on non-Windows systems
[0.637s] INFO:colcon.colcon_core.shell:Creating environment hook '/home/warxen/ai_robot/ros2_ws/install/robot_audio/share/robot_audio/hook/ament_prefix_path.ps1'
[0.639s] INFO:colcon.colcon_core.shell:Creating environment descriptor '/home/warxen/ai_robot/ros2_ws/install/robot_audio/share/robot_audio/hook/ament_prefix_path.dsv'
[0.640s] INFO:colcon.colcon_core.shell:Creating environment hook '/home/warxen/ai_robot/ros2_ws/install/robot_audio/share/robot_audio/hook/ament_prefix_path.sh'
[0.642s] INFO:colcon.colcon_core.shell:Skip shell extension 'powershell' for command environment: Not usable outside of PowerShell
[0.642s] DEBUG:colcon.colcon_core.shell:Skip shell extension 'dsv' for command environment
[0.648s] INFO:colcon.colcon_ros.task.ament_python.build:Building ROS package in '/home/warxen/ai_robot/ros2_ws/src/robot_bringup' with build type 'ament_python'
[0.649s] Level 1:colcon.colcon_core.shell:create_environment_hook('robot_bringup', 'ament_prefix_path')
[0.649s] INFO:colcon.colcon_core.shell:Creating environment hook '/home/warxen/ai_robot/ros2_ws/install/robot_bringup/share/robot_bringup/hook/ament_prefix_path.ps1'
[0.651s] INFO:colcon.colcon_core.shell:Creating environment descriptor '/home/warxen/ai_robot/ros2_ws/install/robot_bringup/share/robot_bringup/hook/ament_prefix_path.dsv'
[0.652s] INFO:colcon.colcon_core.shell:Creating environment hook '/home/warxen/ai_robot/ros2_ws/install/robot_bringup/share/robot_bringup/hook/ament_prefix_path.sh'
[0.653s] INFO:colcon.colcon_core.shell:Skip shell extension 'powershell' for command environment: Not usable outside of PowerShell
[0.653s] DEBUG:colcon.colcon_core.shell:Skip shell extension 'dsv' for command environment
[0.658s] INFO:colcon.colcon_ros.task.ament_python.build:Building ROS package in '/home/warxen/ai_robot/ros2_ws/src/robot_camera' with build type 'ament_python'
[0.658s] Level 1:colcon.colcon_core.shell:create_environment_hook('robot_camera', 'ament_prefix_path')
[0.659s] INFO:colcon.colcon_core.shell:Creating environment hook '/home/warxen/ai_robot/ros2_ws/install/robot_camera/share/robot_camera/hook/ament_prefix_path.ps1'
[0.660s] INFO:colcon.colcon_core.shell:Creating environment descriptor '/home/warxen/ai_robot/ros2_ws/install/robot_camera/share/robot_camera/hook/ament_prefix_path.dsv'
[0.661s] INFO:colcon.colcon_core.shell:Creating environment hook '/home/warxen/ai_robot/ros2_ws/install/robot_camera/share/robot_camera/hook/ament_prefix_path.sh'
[0.662s] INFO:colcon.colcon_core.shell:Skip shell extension 'powershell' for command environment: Not usable outside of PowerShell
[0.662s] DEBUG:colcon.colcon_core.shell:Skip shell extension 'dsv' for command environment
[1.121s] INFO:colcon.colcon_core.task.python.build:Building Python package in '/home/warxen/ai_robot/ros2_ws/src/robot_audio'
[1.122s] INFO:colcon.colcon_core.shell:Skip shell extension 'powershell' for command environment: Not usable outside of PowerShell
[1.122s] DEBUG:colcon.colcon_core.shell:Skip shell extension 'dsv' for command environment
[1.587s] INFO:colcon.colcon_core.task.python.build:Building Python package in '/home/warxen/ai_robot/ros2_ws/src/robot_bringup'
[1.588s] INFO:colcon.colcon_core.shell:Skip shell extension 'powershell' for command environment: Not usable outside of PowerShell
[1.588s] DEBUG:colcon.colcon_core.shell:Skip shell extension 'dsv' for command environment
[2.060s] INFO:colcon.colcon_core.task.python.build:Building Python package in '/home/warxen/ai_robot/ros2_ws/src/robot_camera'
[2.061s] INFO:colcon.colcon_core.shell:Skip shell extension 'powershell' for command environment: Not usable outside of PowerShell
[2.061s] DEBUG:colcon.colcon_core.shell:Skip shell extension 'dsv' for command environment
[2.689s] DEBUG:colcon.colcon_core.event_handler.log_command:Invoking command in '/home/warxen/ai_robot/ros2_ws/src/robot_audio': NX_CONNECTION=192.168.1.126 12269 192.168.1.127 4000 PYTHONPATH=/home/warxen/ai_robot/ros2_ws/build/robot_audio/prefix_override:/usr/lib/python3/dist-packages/colcon_core/task/python/colcon_distutils_commands:/home/warxen/ai_robot/ros2_ws/install/robot_audio/lib/python3.10/site-packages:${PYTHONPATH} /usr/bin/python3 -W ignore:setup.py install is deprecated -W ignore:easy_install command is deprecated setup.py egg_info --egg-base ../../build/robot_audio build --build-base /home/warxen/ai_robot/ros2_ws/build/robot_audio/build install --record /home/warxen/ai_robot/ros2_ws/build/robot_audio/install.log --single-version-externally-managed install_data
[2.703s] DEBUG:colcon.colcon_core.event_handler.log_command:Invoking command in '/home/warxen/ai_robot/ros2_ws/src/robot_bringup': NX_CONNECTION=192.168.1.126 12269 192.168.1.127 4000 PYTHONPATH=/home/warxen/ai_robot/ros2_ws/build/robot_bringup/prefix_override:/usr/lib/python3/dist-packages/colcon_core/task/python/colcon_distutils_commands:/home/warxen/ai_robot/ros2_ws/install/robot_bringup/lib/python3.10/site-packages:${PYTHONPATH} /usr/bin/python3 -W ignore:setup.py install is deprecated -W ignore:easy_install command is deprecated setup.py egg_info --egg-base ../../build/robot_bringup build --build-base /home/warxen/ai_robot/ros2_ws/build/robot_bringup/build install --record /home/warxen/ai_robot/ros2_ws/build/robot_bringup/install.log --single-version-externally-managed install_data
[2.734s] DEBUG:colcon.colcon_core.event_handler.log_command:Invoking command in '/home/warxen/ai_robot/ros2_ws/src/robot_camera': NX_CONNECTION=192.168.1.126 12269 192.168.1.127 4000 PYTHONPATH=/home/warxen/ai_robot/ros2_ws/build/robot_camera/prefix_override:/usr/lib/python3/dist-packages/colcon_core/task/python/colcon_distutils_commands:/home/warxen/ai_robot/ros2_ws/install/robot_camera/lib/python3.10/site-packages:${PYTHONPATH} /usr/bin/python3 -W ignore:setup.py install is deprecated -W ignore:easy_install command is deprecated setup.py egg_info --egg-base ../../build/robot_camera build --build-base /home/warxen/ai_robot/ros2_ws/build/robot_camera/build install --record /home/warxen/ai_robot/ros2_ws/build/robot_camera/install.log --single-version-externally-managed install_data
[3.259s] DEBUG:colcon.colcon_core.event_handler.log_command:Invoked command in '/home/warxen/ai_robot/ros2_ws/src/robot_audio' returned '0': NX_CONNECTION=192.168.1.126 12269 192.168.1.127 4000 PYTHONPATH=/home/warxen/ai_robot/ros2_ws/build/robot_audio/prefix_override:/usr/lib/python3/dist-packages/colcon_core/task/python/colcon_distutils_commands:/home/warxen/ai_robot/ros2_ws/install/robot_audio/lib/python3.10/site-packages:${PYTHONPATH} /usr/bin/python3 -W ignore:setup.py install is deprecated -W ignore:easy_install command is deprecated setup.py egg_info --egg-base ../../build/robot_audio build --build-base /home/warxen/ai_robot/ros2_ws/build/robot_audio/build install --record /home/warxen/ai_robot/ros2_ws/build/robot_audio/install.log --single-version-externally-managed install_data
[3.267s] Level 1:colcon.colcon_core.environment:checking '/home/warxen/ai_robot/ros2_ws/install/robot_audio' for CMake module files
[3.268s] Level 1:colcon.colcon_core.environment:checking '/home/warxen/ai_robot/ros2_ws/install/robot_audio' for CMake config files
[3.271s] Level 1:colcon.colcon_core.environment:checking '/home/warxen/ai_robot/ros2_ws/install/robot_audio/lib'
[3.271s] Level 1:colcon.colcon_core.environment:checking '/home/warxen/ai_robot/ros2_ws/install/robot_audio/bin'
[3.272s] Level 1:colcon.colcon_core.environment:checking '/home/warxen/ai_robot/ros2_ws/install/robot_audio/lib/pkgconfig/robot_audio.pc'
[3.273s] Level 1:colcon.colcon_core.environment:checking '/home/warxen/ai_robot/ros2_ws/install/robot_audio/lib/python3.10/site-packages'
[3.273s] Level 1:colcon.colcon_core.shell:create_environment_hook('robot_audio', 'pythonpath')
[3.274s] INFO:colcon.colcon_core.shell:Creating environment hook '/home/warxen/ai_robot/ros2_ws/install/robot_audio/share/robot_audio/hook/pythonpath.ps1'
[3.276s] INFO:colcon.colcon_core.shell:Creating environment descriptor '/home/warxen/ai_robot/ros2_ws/install/robot_audio/share/robot_audio/hook/pythonpath.dsv'
[3.277s] INFO:colcon.colcon_core.shell:Creating environment hook '/home/warxen/ai_robot/ros2_ws/install/robot_audio/share/robot_audio/hook/pythonpath.sh'
[3.280s] Level 1:colcon.colcon_core.environment:checking '/home/warxen/ai_robot/ros2_ws/install/robot_audio/bin'
[3.280s] Level 1:colcon.colcon_core.environment:create_environment_scripts_only(robot_audio)
[3.281s] INFO:colcon.colcon_core.shell:Creating package script '/home/warxen/ai_robot/ros2_ws/install/robot_audio/share/robot_audio/package.ps1'
[3.285s] INFO:colcon.colcon_core.shell:Creating package descriptor '/home/warxen/ai_robot/ros2_ws/install/robot_audio/share/robot_audio/package.dsv'
[3.286s] INFO:colcon.colcon_core.shell:Creating package script '/home/warxen/ai_robot/ros2_ws/install/robot_audio/share/robot_audio/package.sh'
[3.288s] INFO:colcon.colcon_core.shell:Creating package script '/home/warxen/ai_robot/ros2_ws/install/robot_audio/share/robot_audio/package.bash'
[3.291s] INFO:colcon.colcon_core.shell:Creating package script '/home/warxen/ai_robot/ros2_ws/install/robot_audio/share/robot_audio/package.zsh'
[3.293s] Level 1:colcon.colcon_core.environment:create_file_with_runtime_dependencies(/home/warxen/ai_robot/ros2_ws/install/robot_audio/share/colcon-core/packages/robot_audio)
[3.296s] Level 1:colcon.colcon_core.environment:checking '/home/warxen/ai_robot/ros2_ws/install/robot_bringup' for CMake module files
[3.299s] Level 1:colcon.colcon_core.environment:checking '/home/warxen/ai_robot/ros2_ws/install/robot_bringup' for CMake config files
[3.299s] DEBUG:colcon.colcon_core.event_handler.log_command:Invoked command in '/home/warxen/ai_robot/ros2_ws/src/robot_bringup' returned '0': NX_CONNECTION=192.168.1.126 12269 192.168.1.127 4000 PYTHONPATH=/home/warxen/ai_robot/ros2_ws/build/robot_bringup/prefix_override:/usr/lib/python3/dist-packages/colcon_core/task/python/colcon_distutils_commands:/home/warxen/ai_robot/ros2_ws/install/robot_bringup/lib/python3.10/site-packages:${PYTHONPATH} /usr/bin/python3 -W ignore:setup.py install is deprecated -W ignore:easy_install command is deprecated setup.py egg_info --egg-base ../../build/robot_bringup build --build-base /home/warxen/ai_robot/ros2_ws/build/robot_bringup/build install --record /home/warxen/ai_robot/ros2_ws/build/robot_bringup/install.log --single-version-externally-managed install_data
[3.300s] Level 1:colcon.colcon_core.environment:checking '/home/warxen/ai_robot/ros2_ws/install/robot_bringup/lib'
[3.300s] Level 1:colcon.colcon_core.environment:checking '/home/warxen/ai_robot/ros2_ws/install/robot_bringup/bin'
[3.300s] Level 1:colcon.colcon_core.environment:checking '/home/warxen/ai_robot/ros2_ws/install/robot_bringup/lib/pkgconfig/robot_bringup.pc'
[3.301s] Level 1:colcon.colcon_core.environment:checking '/home/warxen/ai_robot/ros2_ws/install/robot_bringup/lib/python3.10/site-packages'
[3.301s] Level 1:colcon.colcon_core.shell:create_environment_hook('robot_bringup', 'pythonpath')
[3.301s] INFO:colcon.colcon_core.shell:Creating environment hook '/home/warxen/ai_robot/ros2_ws/install/robot_bringup/share/robot_bringup/hook/pythonpath.ps1'
[3.303s] INFO:colcon.colcon_core.shell:Creating environment descriptor '/home/warxen/ai_robot/ros2_ws/install/robot_bringup/share/robot_bringup/hook/pythonpath.dsv'
[3.304s] INFO:colcon.colcon_core.shell:Creating environment hook '/home/warxen/ai_robot/ros2_ws/install/robot_bringup/share/robot_bringup/hook/pythonpath.sh'
[3.306s] Level 1:colcon.colcon_core.environment:checking '/home/warxen/ai_robot/ros2_ws/install/robot_bringup/bin'
[3.306s] Level 1:colcon.colcon_core.environment:create_environment_scripts_only(robot_bringup)
[3.307s] INFO:colcon.colcon_core.shell:Creating package script '/home/warxen/ai_robot/ros2_ws/install/robot_bringup/share/robot_bringup/package.ps1'
[3.309s] INFO:colcon.colcon_core.shell:Creating package descriptor '/home/warxen/ai_robot/ros2_ws/install/robot_bringup/share/robot_bringup/package.dsv'
[3.311s] INFO:colcon.colcon_core.shell:Creating package script '/home/warxen/ai_robot/ros2_ws/install/robot_bringup/share/robot_bringup/package.sh'
[3.312s] INFO:colcon.colcon_core.shell:Creating package script '/home/warxen/ai_robot/ros2_ws/install/robot_bringup/share/robot_bringup/package.bash'
[3.313s] INFO:colcon.colcon_core.shell:Creating package script '/home/warxen/ai_robot/ros2_ws/install/robot_bringup/share/robot_bringup/package.zsh'
[3.314s] Level 1:colcon.colcon_core.environment:create_file_with_runtime_dependencies(/home/warxen/ai_robot/ros2_ws/install/robot_bringup/share/colcon-core/packages/robot_bringup)
[3.317s] Level 1:colcon.colcon_core.environment:checking '/home/warxen/ai_robot/ros2_ws/install/robot_camera' for CMake module files
[3.318s] Level 1:colcon.colcon_core.environment:checking '/home/warxen/ai_robot/ros2_ws/install/robot_camera' for CMake config files
[3.319s] DEBUG:colcon.colcon_core.event_handler.log_command:Invoked command in '/home/warxen/ai_robot/ros2_ws/src/robot_camera' returned '0': NX_CONNECTION=192.168.1.126 12269 192.168.1.127 4000 PYTHONPATH=/home/warxen/ai_robot/ros2_ws/build/robot_camera/prefix_override:/usr/lib/python3/dist-packages/colcon_core/task/python/colcon_distutils_commands:/home/warxen/ai_robot/ros2_ws/install/robot_camera/lib/python3.10/site-packages:${PYTHONPATH} /usr/bin/python3 -W ignore:setup.py install is deprecated -W ignore:easy_install command is deprecated setup.py egg_info --egg-base ../../build/robot_camera build --build-base /home/warxen/ai_robot/ros2_ws/build/robot_camera/build install --record /home/warxen/ai_robot/ros2_ws/build/robot_camera/install.log --single-version-externally-managed install_data
[3.321s] Level 1:colcon.colcon_core.environment:checking '/home/warxen/ai_robot/ros2_ws/install/robot_camera/lib'
[3.322s] Level 1:colcon.colcon_core.environment:checking '/home/warxen/ai_robot/ros2_ws/install/robot_camera/bin'
[3.322s] Level 1:colcon.colcon_core.environment:checking '/home/warxen/ai_robot/ros2_ws/install/robot_camera/lib/pkgconfig/robot_camera.pc'
[3.323s] Level 1:colcon.colcon_core.environment:checking '/home/warxen/ai_robot/ros2_ws/install/robot_camera/lib/python3.10/site-packages'
[3.323s] Level 1:colcon.colcon_core.shell:create_environment_hook('robot_camera', 'pythonpath')
[3.324s] INFO:colcon.colcon_core.shell:Creating environment hook '/home/warxen/ai_robot/ros2_ws/install/robot_camera/share/robot_camera/hook/pythonpath.ps1'
[3.326s] INFO:colcon.colcon_core.shell:Creating environment descriptor '/home/warxen/ai_robot/ros2_ws/install/robot_camera/share/robot_camera/hook/pythonpath.dsv'
[3.326s] INFO:colcon.colcon_core.shell:Creating environment hook '/home/warxen/ai_robot/ros2_ws/install/robot_camera/share/robot_camera/hook/pythonpath.sh'
[3.328s] Level 1:colcon.colcon_core.environment:checking '/home/warxen/ai_robot/ros2_ws/install/robot_camera/bin'
[3.328s] Level 1:colcon.colcon_core.environment:create_environment_scripts_only(robot_camera)
[3.329s] INFO:colcon.colcon_core.shell:Creating package script '/home/warxen/ai_robot/ros2_ws/install/robot_camera/share/robot_camera/package.ps1'
[3.331s] INFO:colcon.colcon_core.shell:Creating package descriptor '/home/warxen/ai_robot/ros2_ws/install/robot_camera/share/robot_camera/package.dsv'
[3.332s] INFO:colcon.colcon_core.shell:Creating package script '/home/warxen/ai_robot/ros2_ws/install/robot_camera/share/robot_camera/package.sh'
[3.332s] INFO:colcon.colcon_core.shell:Creating package script '/home/warxen/ai_robot/ros2_ws/install/robot_camera/share/robot_camera/package.bash'
[3.333s] INFO:colcon.colcon_core.shell:Creating package script '/home/warxen/ai_robot/ros2_ws/install/robot_camera/share/robot_camera/package.zsh'
[3.334s] Level 1:colcon.colcon_core.environment:create_file_with_runtime_dependencies(/home/warxen/ai_robot/ros2_ws/install/robot_camera/share/colcon-core/packages/robot_camera)
[3.335s] DEBUG:colcon.colcon_parallel_executor.executor.parallel:closing loop
[3.336s] DEBUG:colcon.colcon_parallel_executor.executor.parallel:loop closed
[3.336s] DEBUG:colcon.colcon_parallel_executor.executor.parallel:run_until_complete finished with '0'
[3.336s] DEBUG:colcon.colcon_core.event_reactor:joining thread
[3.352s] INFO:colcon.colcon_core.plugin_system:Skipping extension 'colcon_notification.desktop_notification.terminal_notifier': Not used on non-Darwin systems
[3.352s] INFO:colcon.colcon_core.plugin_system:Skipping extension 'colcon_notification.desktop_notification.win32': Not used on non-Windows systems
[3.353s] INFO:colcon.colcon_notification.desktop_notification:Sending desktop notification using 'notify2'
[3.385s] DEBUG:colcon.colcon_core.event_reactor:joined thread
[3.386s] INFO:colcon.colcon_core.shell:Creating prefix script '/home/warxen/ai_robot/ros2_ws/install/local_setup.ps1'
[3.390s] INFO:colcon.colcon_core.shell:Creating prefix util module '/home/warxen/ai_robot/ros2_ws/install/_local_setup_util_ps1.py'
[3.394s] INFO:colcon.colcon_core.shell:Creating prefix chain script '/home/warxen/ai_robot/ros2_ws/install/setup.ps1'
[3.397s] INFO:colcon.colcon_core.shell:Creating prefix script '/home/warxen/ai_robot/ros2_ws/install/local_setup.sh'
[3.399s] INFO:colcon.colcon_core.shell:Creating prefix util module '/home/warxen/ai_robot/ros2_ws/install/_local_setup_util_sh.py'
[3.400s] INFO:colcon.colcon_core.shell:Creating prefix chain script '/home/warxen/ai_robot/ros2_ws/install/setup.sh'
[3.404s] INFO:colcon.colcon_core.shell:Creating prefix script '/home/warxen/ai_robot/ros2_ws/install/local_setup.bash'
[3.405s] INFO:colcon.colcon_core.shell:Creating prefix chain script '/home/warxen/ai_robot/ros2_ws/install/setup.bash'
[3.408s] INFO:colcon.colcon_core.shell:Creating prefix script '/home/warxen/ai_robot/ros2_ws/install/local_setup.zsh'
[3.409s] INFO:colcon.colcon_core.shell:Creating prefix chain script '/home/warxen/ai_robot/ros2_ws/install/setup.zsh'
