[1.993s] Invoking command in '/home/warxen/ai_robot/ros2_ws/src/robot_bringup': NX_CONNECTION=192.168.1.126 12269 192.168.1.127 4000 PYTHONPATH=/home/warxen/ai_robot/ros2_ws/build/robot_bringup/prefix_override:/usr/lib/python3/dist-packages/colcon_core/task/python/colcon_distutils_commands:/home/warxen/ai_robot/ros2_ws/install/robot_bringup/lib/python3.10/site-packages:${PYTHONPATH} /usr/bin/python3 -W ignore:setup.py install is deprecated -W ignore:easy_install command is deprecated setup.py egg_info --egg-base ../../build/robot_bringup build --build-base /home/warxen/ai_robot/ros2_ws/build/robot_bringup/build install --record /home/warxen/ai_robot/ros2_ws/build/robot_bringup/install.log --single-version-externally-managed install_data
[2.396s] running egg_info
[2.398s] creating ../../build/robot_bringup/robot_bringup.egg-info
[2.399s] writing ../../build/robot_bringup/robot_bringup.egg-info/PKG-INFO
[2.400s] writing dependency_links to ../../build/robot_bringup/robot_bringup.egg-info/dependency_links.txt
[2.400s] writing entry points to ../../build/robot_bringup/robot_bringup.egg-info/entry_points.txt
[2.402s] writing requirements to ../../build/robot_bringup/robot_bringup.egg-info/requires.txt
[2.403s] writing top-level names to ../../build/robot_bringup/robot_bringup.egg-info/top_level.txt
[2.404s] writing manifest file '../../build/robot_bringup/robot_bringup.egg-info/SOURCES.txt'
[2.418s] reading manifest file '../../build/robot_bringup/robot_bringup.egg-info/SOURCES.txt'
[2.422s] writing manifest file '../../build/robot_bringup/robot_bringup.egg-info/SOURCES.txt'
[2.423s] running build
[2.423s] running build_py
[2.423s] creating /home/warxen/ai_robot/ros2_ws/build/robot_bringup/build
[2.423s] creating /home/warxen/ai_robot/ros2_ws/build/robot_bringup/build/lib
[2.423s] creating /home/warxen/ai_robot/ros2_ws/build/robot_bringup/build/lib/robot_bringup
[2.423s] copying robot_bringup/__init__.py -> /home/warxen/ai_robot/ros2_ws/build/robot_bringup/build/lib/robot_bringup
[2.423s] running install
[2.424s] running install_lib
[2.425s] creating /home/warxen/ai_robot/ros2_ws/install/robot_bringup/lib/python3.10/site-packages/robot_bringup
[2.425s] copying /home/warxen/ai_robot/ros2_ws/build/robot_bringup/build/lib/robot_bringup/__init__.py -> /home/warxen/ai_robot/ros2_ws/install/robot_bringup/lib/python3.10/site-packages/robot_bringup
[2.425s] byte-compiling /home/warxen/ai_robot/ros2_ws/install/robot_bringup/lib/python3.10/site-packages/robot_bringup/__init__.py to __init__.cpython-310.pyc
[2.425s] running install_data
[2.426s] creating /home/warxen/ai_robot/ros2_ws/install/robot_bringup/share/ament_index
[2.426s] creating /home/warxen/ai_robot/ros2_ws/install/robot_bringup/share/ament_index/resource_index
[2.426s] creating /home/warxen/ai_robot/ros2_ws/install/robot_bringup/share/ament_index/resource_index/packages
[2.426s] copying resource/robot_bringup -> /home/warxen/ai_robot/ros2_ws/install/robot_bringup/share/ament_index/resource_index/packages
[2.426s] copying package.xml -> /home/warxen/ai_robot/ros2_ws/install/robot_bringup/share/robot_bringup
[2.427s] running install_egg_info
[2.427s] Copying ../../build/robot_bringup/robot_bringup.egg-info to /home/warxen/ai_robot/ros2_ws/install/robot_bringup/lib/python3.10/site-packages/robot_bringup-0.0.0-py3.10.egg-info
[2.427s] running install_scripts
[2.466s] writing list of installed files to '/home/warxen/ai_robot/ros2_ws/build/robot_bringup/install.log'
[2.560s] Invoked command in '/home/warxen/ai_robot/ros2_ws/src/robot_bringup' returned '0': NX_CONNECTION=192.168.1.126 12269 192.168.1.127 4000 PYTHONPATH=/home/warxen/ai_robot/ros2_ws/build/robot_bringup/prefix_override:/usr/lib/python3/dist-packages/colcon_core/task/python/colcon_distutils_commands:/home/warxen/ai_robot/ros2_ws/install/robot_bringup/lib/python3.10/site-packages:${PYTHONPATH} /usr/bin/python3 -W ignore:setup.py install is deprecated -W ignore:easy_install command is deprecated setup.py egg_info --egg-base ../../build/robot_bringup build --build-base /home/warxen/ai_robot/ros2_ws/build/robot_bringup/build install --record /home/warxen/ai_robot/ros2_ws/build/robot_bringup/install.log --single-version-externally-managed install_data
